* using log directory ‘/Volumes/Macintosh HD/Users/poppe076/Documents/R_Packages/melviewr/melviewr.Rcheck’
* using R version 3.3.2 (2016-10-31)
* using platform: x86_64-apple-darwin13.4.0 (64-bit)
* using session charset: UTF-8
* using option ‘--as-cran’
* checking for file ‘melviewr/DESCRIPTION’ ... OK
* checking extension type ... Package
* this is package ‘melviewr’ version ‘0.0.0.9000’
* package encoding: UTF-8
* checking CRAN incoming feasibility ... NOTE
Maintainer: ‘The package maintainer <yourself@somewhere.net>’

New submission

Version contains large components (0.0.0.9000)
* checking package namespace information ... OK
* checking package dependencies ... OK
* checking if this is a source package ... OK
* checking if there is a namespace ... OK
* checking for executable files ... OK
* checking for hidden files and directories ... OK
* checking for portable file names ... OK
* checking for sufficient/correct file permissions ... OK
* checking whether package ‘melviewr’ can be installed ... OK
* checking installed package size ... OK
* checking package directory ... OK
* checking DESCRIPTION meta-information ... OK
* checking top-level files ... OK
* checking for left-over files ... OK
* checking index information ... OK
* checking package subdirectories ... OK
* checking R files for non-ASCII characters ... OK
* checking R files for syntax errors ... OK
* checking whether the package can be loaded ... OK
* checking whether the package can be loaded with stated dependencies ... OK
* checking whether the package can be unloaded cleanly ... OK
* checking whether the namespace can be loaded with stated dependencies ... OK
* checking whether the namespace can be unloaded cleanly ... OK
* checking use of S3 registration ... OK
* checking dependencies in R code ... OK
* checking S3 generic/method consistency ... OK
* checking replacement functions ... OK
* checking foreign function calls ... OK
* checking R code for possible problems ... NOTE
.colorPickerHandler: no visible binding for '<<-' assignment to
  ‘settings’
.createGUI: no visible binding for '<<-' assignment to ‘win’
.createGUI: no visible binding for '<<-' assignment to ‘widgets’
.createGUI: no visible binding for global variable ‘.self’
.createGUI : <anonymous>: no visible binding for global variable
  ‘.self’
.createGUI : <anonymous>: no visible binding for '<<-' assignment to
  ‘settings’
.createGUI : <anonymous>: no visible binding for '<<-' assignment to
  ‘data’
.createGUI : <anonymous>: no visible binding for '<<-' assignment to
  ‘status’
.drawBrains: no visible binding for '<<-' assignment to ‘widgets’
.drawFrequency: no visible binding for '<<-' assignment to ‘widgets’
.drawMotion: no visible binding for '<<-' assignment to ‘widgets’
.drawTimeCourse: no visible binding for '<<-' assignment to ‘widgets’
.getICADIR: no visible binding for '<<-' assignment to ‘data’
.initializePlot: no visible binding for '<<-' assignment to ‘data’
.initializePlot: no visible binding for '<<-' assignment to ‘widgets’
.loadGraphicsSettings: no visible binding for global variable
  ‘graphicsDefaults’
.loadICADIR: no visible binding for '<<-' assignment to ‘widgets’
.loadICADIR: no visible binding for '<<-' assignment to ‘data’
.loadMotionFile: no visible binding for '<<-' assignment to ‘data’
.loadMotionFile: no visible binding for '<<-' assignment to ‘widgets’
.loadStandard: no visible binding for '<<-' assignment to ‘data’
.restoreDefaultGraphicsSettings: no visible binding for '<<-'
  assignment to ‘settings’
.restoreDefaultGraphicsSettings: no visible binding for '<<-'
  assignment to ‘status’
.restoreDefaultGraphicsSettings: no visible binding for '<<-'
  assignment to ‘widgets’
.saveClassificationFile: no visible binding for global variable
  ‘ClassName’
.saveGraphicsSettings: no visible binding for global variable
  ‘graphicsDefaults’
.updateClassLabel: no visible binding for '<<-' assignment to ‘widgets’
.updatePlots: no visible binding for '<<-' assignment to ‘widgets’
.updatePlots: no visible binding for '<<-' assignment to ‘settings’
Undefined global functions or variables:
  .self ClassName graphicsDefaults
* checking Rd files ... OK
* checking Rd metadata ... OK
* checking Rd line widths ... OK
* checking Rd cross-references ... OK
* checking for missing documentation entries ... OK
* checking for code/documentation mismatches ... OK
* checking Rd \usage sections ... OK
* checking Rd contents ... OK
* checking for unstated dependencies in examples ... OK
* checking examples ... NONE
* checking PDF version of manual ... WARNING
LaTeX errors when creating PDF version.
This typically indicates Rd problems.
* checking PDF version of manual without hyperrefs or index ... ERROR
Re-running with no redirection of stdout/stderr.
* checking for code which exercises the package ... WARNING
No examples, no tests, no vignettes
* DONE
Status: 1 ERROR, 2 WARNINGs, 2 NOTEs
